[debug] [2025-07-13T07:14:24.475Z] ----------------------------------------------------------------------
[debug] [2025-07-13T07:14:24.477Z] Command:       C:\Program Files\nodejs\node.exe C:\Users\mishr\AppData\Roaming\npm\node_modules\firebase-tools\lib\bin\firebase.js init
[debug] [2025-07-13T07:14:24.477Z] CLI Version:   14.10.1
[debug] [2025-07-13T07:14:24.478Z] Platform:      win32
[debug] [2025-07-13T07:14:24.478Z] Node Version:  v21.1.0
[debug] [2025-07-13T07:14:24.478Z] Time:          Sun Jul 13 2025 12:44:24 GMT+0530 (India Standard Time)
[debug] [2025-07-13T07:14:24.478Z] ----------------------------------------------------------------------
[debug] 
[debug] [2025-07-13T07:14:24.484Z] > command requires scopes: ["email","openid","https://www.googleapis.com/auth/cloudplatformprojects.readonly","https://www.googleapis.com/auth/firebase","https://www.googleapis.com/auth/cloud-platform"]
[debug] [2025-07-13T07:14:24.484Z] > authorizing via signed-in user (heyshukla1@gmail.com)
[info] 
     ######## #### ########  ######## ########     ###     ######  ########
     ##        ##  ##     ## ##       ##     ##  ##   ##  ##       ##
     ######    ##  ########  ######   ########  #########  ######  ######
     ##        ##  ##    ##  ##       ##     ## ##     ##       ## ##
     ##       #### ##     ## ######## ########  ##     ##  ######  ########

You're about to initialize a Firebase project in this directory:

  D:\03_PROJECTS_2025\Adarsh_Website

[info] 
=== Project Setup
[info] 
[info] First, let's associate this project directory with a Firebase project.
[info] You can create multiple project aliases by running firebase use --add, 
[info] but for now we'll just set up a default project.
[info] 
[info] i  If you want to create a project in a Google Cloud organization or folder, please use "firebase projects:create" instead, and return to this command when you've created the project. 
[debug] [2025-07-13T07:15:11.988Z] Checked if tokens are valid: true, expires at: 1752393437530
[debug] [2025-07-13T07:15:11.988Z] Checked if tokens are valid: true, expires at: 1752393437530
[debug] [2025-07-13T07:15:11.993Z] >>> [apiv2][query] POST https://firebase.googleapis.com/v1/projects:checkProjectId [none]
[debug] [2025-07-13T07:15:11.993Z] >>> [apiv2][body] POST https://firebase.googleapis.com/v1/projects:checkProjectId {"proposedId":"Adarsh_Website"}
[debug] [2025-07-13T07:15:13.312Z] <<< [apiv2][status] POST https://firebase.googleapis.com/v1/projects:checkProjectId 400
[debug] [2025-07-13T07:15:13.312Z] <<< [apiv2][body] POST https://firebase.googleapis.com/v1/projects:checkProjectId {"error":{"code":400,"message":"Request contains an invalid argument.","status":"INVALID_ARGUMENT"}}
[debug] [2025-07-13T07:15:13.313Z] Couldn't check if project ID Adarsh_Website is available. Original error: FirebaseError: Failed to check if project ID is available. See firebase-debug.log for more info.
[debug] [2025-07-13T07:15:24.162Z] Checked if tokens are valid: true, expires at: 1752393437530
[debug] [2025-07-13T07:15:24.162Z] Checked if tokens are valid: true, expires at: 1752393437530
[debug] [2025-07-13T07:15:24.162Z] >>> [apiv2][query] POST https://cloudresourcemanager.googleapis.com/v1/projects [none]
[debug] [2025-07-13T07:15:24.163Z] >>> [apiv2][body] POST https://cloudresourcemanager.googleapis.com/v1/projects {"projectId":"Adarsh_Website","name":"Adarsh_Website"}
[debug] [2025-07-13T07:15:26.098Z] <<< [apiv2][status] POST https://cloudresourcemanager.googleapis.com/v1/projects 429
[debug] [2025-07-13T07:15:26.098Z] <<< [apiv2][body] POST https://cloudresourcemanager.googleapis.com/v1/projects {"error":{"code":429,"message":"Quota exceeded for quota metric 'Write requests' and limit 'Write requests per minute' of service 'cloudresourcemanager.googleapis.com' for consumer 'project_number:563584335869'.","status":"RESOURCE_EXHAUSTED","details":[{"@type":"type.googleapis.com/google.rpc.ErrorInfo","reason":"RATE_LIMIT_EXCEEDED","domain":"googleapis.com","metadata":{"quota_unit":"1/min/{project}","quota_limit":"WriteRequestsPerMinutePerProject","service":"cloudresourcemanager.googleapis.com","consumer":"projects/563584335869","quota_metric":"cloudresourcemanager.googleapis.com/write_requests","quota_location":"global","quota_limit_value":"600"}},{"@type":"type.googleapis.com/google.rpc.Help","links":[{"description":"Request a higher quota limit.","url":"https://cloud.google.com/docs/quotas/help/request_increase"}]}]}}
[debug] [2025-07-13T07:15:26.607Z] FirebaseError: Request to https://cloudresourcemanager.googleapis.com/v1/projects had HTTP Error: 429, Quota exceeded for quota metric 'Write requests' and limit 'Write requests per minute' of service 'cloudresourcemanager.googleapis.com' for consumer 'project_number:563584335869'.
    at responseToError (C:\Users\mishr\AppData\Roaming\npm\node_modules\firebase-tools\lib\responseToError.js:52:12)
    at RetryOperation._fn (C:\Users\mishr\AppData\Roaming\npm\node_modules\firebase-tools\lib\apiv2.js:312:77)
    at process.processTicksAndRejections (node:internal/process/task_queues:95:5)
[error] 
[error] Error: Failed to create project. See firebase-debug.log for more info.
